app/build/outputs/mapping/release/seeds.txt
com.ltw.qrreader.HistoryActivity
com.ltw.qrreader.MainActivity
com.ltw.qrreader.MainActivity: MainActivity()
com.ltw.qrreader.HistoryActivity: HistoryActivity()
...
com.google.android.material.datepicker.MaterialCalendar$CalendarSelector: com.google.android.material.datepicker.MaterialCalendar$CalendarSelector[] values()
androidx.appcompat.widget.AppCompatCheckBox: androidx.appcompat.widget.AppCompatEmojiTextHelper getEmojiTextViewHelper()
androidx.appcompat.widget.ActionBarContextView: int getContentHeight()
com.google.android.gms.internal.mlkit_vision_common.zzah: com.google.android.gms.internal.mlkit_vision_common.zzah[] values()
androidx.appcompat.widget.AppCompatSpinner: void setDropDownWidth(int)
androidx.appcompat.widget.AppCompatImageView: void setBackgroundResource(int)
androidx.appcompat.widget.AppCompatAutoCompleteTextView: android.content.res.ColorStateList getSupportCompoundDrawablesTintList()
androidx.core.widget.ListViewCompat$Api19Impl: boolean canScrollList(android.widget.ListView,int)
com.google.android.material.transformation.ExpandableTransformationBehavior: ExpandableTransformationBehavior()
androidx.appcompat.widget.AppCompatTextView: android.content.res.ColorStateList getSupportBackgroundTintList()
androidx.core.widget.NestedScrollView: int getMaxScrollAmount()
androidx.recyclerview.widget.RecyclerView: androidx.core.view.NestedScrollingChildHelper getScrollingChildHelper()
androidx.appcompat.widget.AppCompatCheckedTextView: void setSupportBackgroundTintList(android.content.res.ColorStateList)
com.google.android.datatransport.cct.internal.ClientInfo$ClientType: com.google.android.datatransport.cct.internal.ClientInfo$ClientType valueOf(java.lang.String)
com.google.android.material.chip.Chip: void setCloseIconPressed(boolean)
androidx.appcompat.widget.AppCompatImageView: android.graphics.PorterDuff$Mode getSupportBackgroundTintMode()
androidx.appcompat.widget.Toolbar: void setTitle(java.lang.CharSequence)
androidx.profileinstaller.ProfileInstallReceiver: ProfileInstallReceiver()
com.google.android.material.textfield.TextInputLayout: java.lang.CharSequence getPrefixText()
com.google.android.material.chip.Chip: void setCloseIconTintResource(int)
com.google.android.material.textfield.TextInputLayout: void setBoxStrokeColorStateList(android.content.res.ColorStateList)
androidx.appcompat.widget.AppCompatImageView: void setSupportBackgroundTintList(android.content.res.ColorStateList)
androidx.coordinatorlayout.widget.CoordinatorLayout: java.util.List getDependencySortedChildren()
androidx.appcompat.widget.Toolbar: int getContentInsetEndWithActions()
androidx.appcompat.view.menu.ActionMenuItemView: void setTitle(java.lang.CharSequence)
androidx.appcompat.widget.Toolbar: android.content.Context getPopupContext()
androidx.recyclerview.widget.RecyclerView: androidx.recyclerview.widget.RecyclerView$ItemAnimator getItemAnimator()
androidx.appcompat.widget.ActionMenuView: void setOverflowReserved(boolean)
androidx.camera.core.ImageProcessingUtil$Result: androidx.camera.core.ImageProcessingUtil$Result valueOf(java.lang.String)
androidx.appcompat.widget.SearchView: void setAppSearchData(android.os.Bundle)
com.google.android.material.textfield.TextInputLayout: void setMaxEms(int)
androidx.appcompat.widget.AppCompatCheckedTextView: android.graphics.PorterDuff$Mode getSupportCompoundDrawablesTintMode()
androidx.constraintlayout.core.widgets.ConstraintAnchor$Type: androidx.constraintlayout.core.widgets.ConstraintAnchor$Type[] values()
com.google.android.material.appbar.AppBarLayout$Behavior: AppBarLayout$Behavior()
androidx.appcompat.widget.AppCompatButton: void setSupportCompoundDrawablesTintMode(android.graphics.PorterDuff$Mode)
androidx.appcompat.widget.AppCompatRadioButton: android.graphics.PorterDuff$Mode getSupportCompoundDrawablesTintMode()
androidx.constraintlayout.widget.ConstraintLayout: ConstraintLayout(android.content.Context,android.util.AttributeSet)
androidx.appcompat.widget.AppCompatCheckBox: android.graphics.PorterDuff$Mode getSupportCompoundDrawablesTintMode()