app/build/outputs/mapping/release/usage.txt
com.chris.simpleqrreader.util.UrlUtils
com.ltw.qrreader.BuildConfig
com.ltw.qrreader.R$anim
com.ltw.qrreader.R$animator
com.ltw.qrreader.R$attr
com.ltw.qrreader.R$bool
com.ltw.qrreader.R$color
com.ltw.qrreader.R$dimen
com.ltw.qrreader.R$drawable
com.ltw.qrreader.R$id
com.ltw.qrreader.R$integer
com.ltw.qrreader.R$interpolator
com.ltw.qrreader.R$layout
com.ltw.qrreader.R$menu
com.ltw.qrreader.R$plurals
com.ltw.qrreader.R$string
com.ltw.qrreader.R$style
com.ltw.qrreader.R$styleable
com.ltw.qrreader.R
com.ltw.qrreader.databinding.ActivityHistoryBinding
com.ltw.qrreader.databinding.ActivityMainBinding
com.ltw.qrreader.databinding.ItemScanHistoryBinding
com.ltw.qrreader.util.LogUtils:
    public final void d(java.lang.String,java.lang.String)
    public static synthetic void e$default(com.ltw.qrreader.util.LogUtils,java.lang.String,java.lang.String,java.lang.Throwable,int,java.lang.Object)
    public final void i(java.lang.String,java.lang.String)
    public final void w(java.lang.String,java.lang.String,java.lang.Throwable)
    public static synthetic void w$default(com.ltw.qrreader.util.LogUtils,java.lang.String,java.lang.String,java.lang.Throwable,int,java.lang.Object)
com.ltw.qrreader.util.ScanHistoryItem:
    public synthetic void <init>(java.lang.String,long,boolean,int,kotlin.jvm.internal.DefaultConstructorMarker)
    public final java.lang.String component1()
    public final long component2()
    public final boolean component3()
    public final com.ltw.qrreader.util.ScanHistoryItem copy(java.lang.String,long,boolean)
    public static synthetic com.ltw.qrreader.util.ScanHistoryItem copy$default(com.ltw.qrreader.util.ScanHistoryItem,java.lang.String,long,boolean,int,java.lang.Object)
com.ltw.qrreader.util.ScanHistoryManager:
    private static final java.lang.String KEY_SCAN_HISTORY
    private static final int MAX_HISTORY_ITEMS
    private static final java.lang.String PREFS_NAME
com.ltw.qrreader.HistoryActivity$onCreate$1:
    public final void invoke$2()
com.ltw.qrreader.HistoryActivity$onCreate$2:
    public final void invoke$2()
com.ltw.qrreader.HistoryActivity$onCreate$3:
    public final void invoke$2()
com.ltw.qrreader.MainActivity$$InternalSyntheticLambda$3$2ce585e94740757ade5d2159d52637864a4fc87ffa85b67ac18892eca274c9a8$0:
    public final synthetic void getDefaultTargetResolution()
com.ltw.qrreader.MainActivity$processImageUri$1:
    public final void invoke$3()
com.ltw.qrreader.MainActivity$startCamera$1$1$1:
    public final void invoke$3()
com.ltw.qrreader.adapter.ScanHistoryAdapter$Companion$SCAN_COMPARATOR$1:
    public static boolean areContentsTheSame()
    public static boolean areContentsTheSame$1()
    public static boolean areItemsTheSame()
    public static boolean areItemsTheSame$1()
    public static java.lang.Object getChangePayload()
com.ltw.qrreader.adapter.ScanHistoryAdapter$Companion
com.ltw.qrreader.adapter.ScanHistoryAdapter$ScanViewHolder:
    public final android.view.View btnCopy
    public final android.view.View btnShare
    public final synthetic com.ltw.qrreader.adapter.ScanHistoryAdapter this$0
    public static void bind()
com.ltw.qrreader.adapter.ScanHistoryAdapter:
    public static final com.ltw.qrreader.adapter.ScanHistoryAdapter$Companion Companion
    public static final com.ltw.qrreader.adapter.ScanHistoryAdapter$Companion$SCAN_COMPARATOR$1 SCAN_COMPARATOR
    public static kotlin.jvm.functions.Function1 getOnCopyClickListener()
    public static kotlin.jvm.functions.Function1 getOnItemClickListener()
    public static kotlin.jvm.functions.Function1 getOnShareClickListener()
    public static void onBindViewHolder$3()
    public static com.ltw.qrreader.adapter.ScanHistoryAdapter$ScanViewHolder onCreateViewHolder()
    public static void setOnCopyClickListener()
    public static void setOnItemClickListener()
    public static void setOnShareClickListener()
com.ltw.qrreader.util.LogUtils
...
androidx.camera.core.imagecapture.JpegBytes2Disk:
    private static final int COPY_BUFFER_SIZE
    private static final int NOT_PENDING
    private static final int PENDING
    private static final java.lang.String TEMP_FILE_PREFIX
    private static final java.lang.String TEMP_FILE_SUFFIX
androidx.camera.core.imagecapture.JpegBytes2Image:
    private static final int MAX_IMAGES
androidx.camera.core.imagecapture.ProcessingNode:
    void <init>(java.util.concurrent.Executor)
    void injectProcessingInput2Packet(androidx.camera.core.processing.Operation)
    public synthetic bridge java.lang.Object transform(java.lang.Object)
androidx.camera.core.imagecapture.RgbaImageProxy$2:
    public android.graphics.Matrix getSensorToBufferTransformMatrix()
androidx.camera.core.imagecapture.RgbaImageProxy:
    public android.graphics.Bitmap createBitmap()
    public android.graphics.Rect getCropRect()
androidx.camera.core.imagecapture.SingleBundlingNode:
    public synthetic bridge java.lang.Object transform(java.lang.Object)
androidx.camera.core.imagecapture.TakePictureManager:
    private static final java.lang.String TAG
    public androidx.camera.core.imagecapture.ImagePipeline getImagePipeline()
    java.util.List getIncompleteRequests()
    public void offerRequest(androidx.camera.core.imagecapture.TakePictureRequest)
androidx.camera.core.imagecapture.TakePictureRequest:
    private int mRemainingRetires
    public void <init>()
    abstract java.util.concurrent.Executor getAppExecutor()
    abstract androidx.camera.core.ImageCapture$OnImageCapturedCallback getInMemoryCallback()
    int getRemainingRetries()
    void incrementRetryCounter()
    private synthetic void lambda$onError$0(androidx.camera.core.ImageCaptureException)
    private synthetic void lambda$onResult$1(androidx.camera.core.ImageCapture$OutputFileResults)
    private synthetic void lambda$onResult$2(androidx.camera.core.ImageProxy)
    public static androidx.camera.core.imagecapture.TakePictureRequest of(java.util.concurrent.Executor,androidx.camera.core.ImageCapture$OnImageCapturedCallback,androidx.camera.core.ImageCapture$OnImageSavedCallback,androidx.camera.core.ImageCapture$OutputFileOptions,android.graphics.Rect,android.graphics.Matrix,int,int,int,java.util.List)
androidx.camera.core.imagecapture.package-info
androidx.camera.core.impl.AutoValue_DeviceProperties
androidx.camera.core.impl.AutoValue_EncoderProfilesProxy_AudioProfileProxy
androidx.camera.core.impl.AutoValue_EncoderProfilesProxy_ImmutableEncoderProfilesProxy
androidx.camera.core.impl.AutoValue_EncoderProfilesProxy_VideoProfileProxy
androidx.camera.core.impl.AutoValue_StateObservable_ErrorWrapper
androidx.camera.core.impl.CameraCaptureCallbacks$ComboCameraCaptureCallback:
    private final java.util.List mCallbacks
    void <init>(java.util.List)
    public void onCaptureCancelled()
    public void onCaptureCompleted(androidx.camera.core.impl.CameraCaptureResult)
    public void onCaptureFailed(androidx.camera.core.impl.CameraCaptureFailure)
androidx.camera.core.impl.CameraCaptureCallbacks$NoOpCameraCaptureCallback
androidx.camera.core.impl.CameraCaptureCallbacks
androidx.camera.core.impl.CameraCaptureMetaData
androidx.camera.core.impl.CameraCaptureResult$EmptyCameraCaptureResult:
    public androidx.camera.core.impl.CameraCaptureMetaData$AfMode getAfMode()
androidx.camera.core.impl.CameraCaptureResult:
    public abstract androidx.camera.core.impl.CameraCaptureMetaData$AfMode getAfMode()
androidx.camera.core.impl.CameraCaptureResults:
    private void <init>()
androidx.camera.core.impl.CameraConfig$Builder
androidx.camera.core.impl.CameraConfig$RequiredRule
androidx.camera.core.impl.CameraConfig:
    public static final int REQUIRED_RULE_COEXISTING_PREVIEW_AND_IMAGE_CAPTURE
    public static final int REQUIRED_RULE_NONE
    public androidx.camera.core.impl.SessionProcessor getSessionProcessor()
androidx.camera.core.impl.CameraConfigs:
    private void <init>()